<?xml version="1.0" encoding="utf-8"?><testsuites><testsuite name="pytest" errors="0" failures="0" skipped="0" tests="99" time="32.567" timestamp="2025-03-04T02:56:19.360882+01:00" hostname="Mac"><testcase classname="tests.api.test_api" name="test_api_placeholder" file="tests/api/test_api.py" line="5" time="0.001" /><testcase classname="tests.core.test_core" name="test_main_output" file="tests/core/test_core.py" line="38" time="0.017" /><testcase classname="tests.integration.vectorstore.test_chroma" name="test_add_and_search_documents" file="tests/integration/vectorstore/test_chroma.py" line="67" time="3.111" /><testcase classname="tests.integration.vectorstore.test_chroma" name="test_delete_collection" file="tests/integration/vectorstore/test_chroma.py" line="99" time="3.900" /><testcase classname="tests.integration.vectorstore.test_chroma" name="test_empty_search" file="tests/integration/vectorstore/test_chroma.py" line="114" time="1.818" /><testcase classname="tests.integration.vectorstore.test_chroma" name="test_search_with_filters" file="tests/integration/vectorstore/test_chroma.py" line="120" time="2.593" /><testcase classname="tests.integration.vectorstore.test_chroma" name="test_custom_embedding_function" file="tests/integration/vectorstore/test_chroma.py" line="150" time="2.106" /><testcase classname="tests.integration.vectorstore.test_chroma" name="test_search_with_document_filter" file="tests/integration/vectorstore/test_chroma.py" line="166" time="1.973" /><testcase classname="tests.integration.vectorstore.test_chroma" name="test_add_documents_with_custom_ids" file="tests/integration/vectorstore/test_chroma.py" line="187" time="1.845" /><testcase classname="tests.integration.vectorstore.test_chroma" name="test_collection_persistence" file="tests/integration/vectorstore/test_chroma.py" line="200" time="3.842" /><testcase classname="tests.test_chunking" name="test_character_chunker_basic" file="tests/test_chunking.py" line="10" time="0.000" /><testcase classname="tests.test_chunking" name="test_recursive_chunker_basic" file="tests/test_chunking.py" line="30" time="0.000" /><testcase classname="tests.test_chunking" name="test_split_documents" file="tests/test_chunking.py" line="55" time="0.000" /><testcase classname="tests.test_chunking" name="test_chunker_validation" file="tests/test_chunking.py" line="81" time="0.001" /><testcase classname="tests.test_embeddings" name="test_embed_query" file="tests/test_embeddings.py" line="13" time="1.840" /><testcase classname="tests.test_embeddings" name="test_embed_documents" file="tests/test_embeddings.py" line="27" time="1.835" /><testcase classname="tests.test_embeddings" name="test_get_embedding_dimension" file="tests/test_embeddings.py" line="48" time="2.148" /><testcase classname="tests.unit.api.test_endpoints" name="test_query_endpoint" file="tests/unit/api/test_endpoints.py" line="9" time="0.017" /><testcase classname="tests.unit.core.test_constants.TestConstants" name="test_model_configs" file="tests/unit/core/test_constants.py" line="30" time="0.001" /><testcase classname="tests.unit.core.test_constants.TestConstants" name="test_model_parameters" file="tests/unit/core/test_constants.py" line="23" time="0.000" /><testcase classname="tests.unit.core.test_constants.TestConstants" name="test_rag_parameters" file="tests/unit/core/test_constants.py" line="61" time="0.000" /><testcase classname="tests.unit.core.test_constants.TestConstants" name="test_system_parameters" file="tests/unit/core/test_constants.py" line="67" time="0.000" /><testcase classname="tests.unit.core.test_constants.TestConstants" name="test_vector_store_parameters" file="tests/unit/core/test_constants.py" line="55" time="0.000" /><testcase classname="tests.unit.core.test_document_loaders.TestDocumentLoader" name="test_abstract_class" file="tests/unit/core/test_document_loaders.py" line="21" time="0.000" /><testcase classname="tests.unit.core.test_document_loaders.TestTextFileLoader" name="test_init_with_nonexistent_file" file="tests/unit/core/test_document_loaders.py" line="49" time="0.001" /><testcase classname="tests.unit.core.test_document_loaders.TestTextFileLoader" name="test_init_with_path_object" file="tests/unit/core/test_document_loaders.py" line="59" time="0.001" /><testcase classname="tests.unit.core.test_document_loaders.TestTextFileLoader" name="test_init_with_string_path" file="tests/unit/core/test_document_loaders.py" line="54" time="0.001" /><testcase classname="tests.unit.core.test_document_loaders.TestTextFileLoader" name="test_load" file="tests/unit/core/test_document_loaders.py" line="64" time="0.001" /><testcase classname="tests.unit.core.test_document_loaders.TestCSVLoader" name="test_init_with_nonexistent_file" file="tests/unit/core/test_document_loaders.py" line="108" time="0.005" /><testcase classname="tests.unit.core.test_document_loaders.TestCSVLoader" name="test_load_all_columns_as_content" file="tests/unit/core/test_document_loaders.py" line="113" time="0.002" /><testcase classname="tests.unit.core.test_document_loaders.TestCSVLoader" name="test_load_with_metadata_columns" file="tests/unit/core/test_document_loaders.py" line="147" time="0.001" /><testcase classname="tests.unit.core.test_document_loaders.TestCSVLoader" name="test_load_with_missing_values" file="tests/unit/core/test_document_loaders.py" line="166" time="0.002" /><testcase classname="tests.unit.core.test_document_loaders.TestCSVLoader" name="test_load_with_specific_content_columns" file="tests/unit/core/test_document_loaders.py" line="135" time="0.001" /><testcase classname="tests.unit.core.test_document_loaders.TestDirectoryLoader" name="test_error_handling" file="tests/unit/core/test_document_loaders.py" line="284" time="0.003" /><testcase classname="tests.unit.core.test_document_loaders.TestDirectoryLoader" name="test_init_with_file_path" file="tests/unit/core/test_document_loaders.py" line="236" time="0.009" /><testcase classname="tests.unit.core.test_document_loaders.TestDirectoryLoader" name="test_init_with_nonexistent_directory" file="tests/unit/core/test_document_loaders.py" line="231" time="0.002" /><testcase classname="tests.unit.core.test_document_loaders.TestDirectoryLoader" name="test_load_non_recursive" file="tests/unit/core/test_document_loaders.py" line="241" time="0.002" /><testcase classname="tests.unit.core.test_document_loaders.TestDirectoryLoader" name="test_load_recursive" file="tests/unit/core/test_document_loaders.py" line="256" time="0.002" /><testcase classname="tests.unit.core.test_document_loaders.TestDirectoryLoader" name="test_load_with_glob_pattern" file="tests/unit/core/test_document_loaders.py" line="271" time="0.002" /><testcase classname="tests.unit.core.test_main" name="test_main_output" file="tests/unit/core/test_main.py" line="12" time="0.746" /><testcase classname="tests.unit.core.test_rag_pipeline.TestRAGPipeline" name="test_format_context" file="tests/unit/core/test_rag_pipeline.py" line="77" time="0.001" /><testcase classname="tests.unit.core.test_rag_pipeline.TestRAGPipeline" name="test_format_context_empty_content" file="tests/unit/core/test_rag_pipeline.py" line="90" time="0.001" /><testcase classname="tests.unit.core.test_rag_pipeline.TestRAGPipeline" name="test_generate" file="tests/unit/core/test_rag_pipeline.py" line="105" time="0.006" /><testcase classname="tests.unit.core.test_rag_pipeline.TestRAGPipeline" name="test_init_default_prompt" file="tests/unit/core/test_rag_pipeline.py" line="34" time="0.001" /><testcase classname="tests.unit.core.test_rag_pipeline.TestRAGPipeline" name="test_init_prompt_template" file="tests/unit/core/test_rag_pipeline.py" line="51" time="0.001" /><testcase classname="tests.unit.core.test_rag_pipeline.TestRAGPipeline" name="test_init_string_prompt" file="tests/unit/core/test_rag_pipeline.py" line="39" time="0.001" /><testcase classname="tests.unit.core.test_rag_pipeline.TestRAGPipeline" name="test_query" file="tests/unit/core/test_rag_pipeline.py" line="122" time="0.001" /><testcase classname="tests.unit.core.test_rag_pipeline.TestRAGPipeline" name="test_retrieve" file="tests/unit/core/test_rag_pipeline.py" line="65" time="0.001" /><testcase classname="tests.unit.core.test_rag_pipeline.TestConversationalRAGPipeline" name="test_add_to_history" file="tests/unit/core/test_rag_pipeline.py" line="181" time="0.001" /><testcase classname="tests.unit.core.test_rag_pipeline.TestConversationalRAGPipeline" name="test_format_history_empty" file="tests/unit/core/test_rag_pipeline.py" line="176" time="0.001" /><testcase classname="tests.unit.core.test_rag_pipeline.TestConversationalRAGPipeline" name="test_format_history_with_content" file="tests/unit/core/test_rag_pipeline.py" line="192" time="0.001" /><testcase classname="tests.unit.core.test_rag_pipeline.TestConversationalRAGPipeline" name="test_generate_with_history" file="tests/unit/core/test_rag_pipeline.py" line="231" time="0.001" /><testcase classname="tests.unit.core.test_rag_pipeline.TestConversationalRAGPipeline" name="test_history_truncation" file="tests/unit/core/test_rag_pipeline.py" line="206" time="0.001" /><testcase classname="tests.unit.core.test_rag_pipeline.TestConversationalRAGPipeline" name="test_init_default_prompt" file="tests/unit/core/test_rag_pipeline.py" line="165" time="0.001" /><testcase classname="tests.unit.core.test_rag_pipeline.TestConversationalRAGPipeline" name="test_query" file="tests/unit/core/test_rag_pipeline.py" line="255" time="0.001" /><testcase classname="tests.unit.core.test_rag_pipeline.TestConversationalRAGPipeline" name="test_reset_history" file="tests/unit/core/test_rag_pipeline.py" line="219" time="0.001" /><testcase classname="tests.unit.document_processing.test_chunking.TestCharacterTextChunker" name="test_initialization" file="tests/unit/document_processing/test_chunking.py" line="14" time="0.000" /><testcase classname="tests.unit.document_processing.test_chunking.TestCharacterTextChunker" name="test_initialization_validation" file="tests/unit/document_processing/test_chunking.py" line="21" time="0.000" /><testcase classname="tests.unit.document_processing.test_chunking.TestCharacterTextChunker" name="test_split_documents" file="tests/unit/document_processing/test_chunking.py" line="71" time="0.000" /><testcase classname="tests.unit.document_processing.test_chunking.TestCharacterTextChunker" name="test_split_text_normal" file="tests/unit/document_processing/test_chunking.py" line="55" time="0.000" /><testcase classname="tests.unit.document_processing.test_chunking.TestCharacterTextChunker" name="test_split_text_short" file="tests/unit/document_processing/test_chunking.py" line="35" time="0.001" /><testcase classname="tests.unit.document_processing.test_chunking.TestRecursiveTextChunker" name="test_initialization" file="tests/unit/document_processing/test_chunking.py" line="116" time="0.000" /><testcase classname="tests.unit.document_processing.test_chunking.TestRecursiveTextChunker" name="test_initialization_validation" file="tests/unit/document_processing/test_chunking.py" line="123" time="0.000" /><testcase classname="tests.unit.document_processing.test_chunking.TestRecursiveTextChunker" name="test_split_documents" file="tests/unit/document_processing/test_chunking.py" line="179" time="0.000" /><testcase classname="tests.unit.document_processing.test_chunking.TestRecursiveTextChunker" name="test_split_text_normal" file="tests/unit/document_processing/test_chunking.py" line="163" time="0.001" /><testcase classname="tests.unit.document_processing.test_chunking.TestRecursiveTextChunker" name="test_split_text_specific_test_case" file="tests/unit/document_processing/test_chunking.py" line="137" time="0.001" /><testcase classname="tests.unit.document_processing.test_chunking_mock.TestCharacterTextChunkerMock" name="test_initialization" file="tests/unit/document_processing/test_chunking_mock.py" line="28" time="0.000" /><testcase classname="tests.unit.document_processing.test_chunking_mock.TestCharacterTextChunkerMock" name="test_initialization_validation" file="tests/unit/document_processing/test_chunking_mock.py" line="14" time="0.000" /><testcase classname="tests.unit.document_processing.test_chunking_mock.TestCharacterTextChunkerMock" name="test_split_documents" file="tests/unit/document_processing/test_chunking_mock.py" line="81" time="0.000" /><testcase classname="tests.unit.document_processing.test_chunking_mock.TestCharacterTextChunkerMock" name="test_split_text" file="tests/unit/document_processing/test_chunking_mock.py" line="38" time="0.001" /><testcase classname="tests.unit.document_processing.test_chunking_mock.TestRecursiveTextChunkerMock" name="test_initialization" file="tests/unit/document_processing/test_chunking_mock.py" line="140" time="0.000" /><testcase classname="tests.unit.document_processing.test_chunking_mock.TestRecursiveTextChunkerMock" name="test_initialization_validation" file="tests/unit/document_processing/test_chunking_mock.py" line="126" time="0.000" /><testcase classname="tests.unit.document_processing.test_chunking_mock.TestRecursiveTextChunkerMock" name="test_split_documents" file="tests/unit/document_processing/test_chunking_mock.py" line="194" time="0.000" /><testcase classname="tests.unit.document_processing.test_chunking_mock.TestRecursiveTextChunkerMock" name="test_split_text_normal" file="tests/unit/document_processing/test_chunking_mock.py" line="150" time="0.001" /><testcase classname="tests.unit.document_processing.test_chunking_mock.TestRecursiveTextChunkerMock" name="test_split_text_specific_test_case" file="tests/unit/document_processing/test_chunking_mock.py" line="178" time="0.001" /><testcase classname="tests.unit.document_processing.test_chunking_simple.TestChunkersValidation" name="test_character_chunker_validation" file="tests/unit/document_processing/test_chunking_simple.py" line="13" time="0.000" /><testcase classname="tests.unit.document_processing.test_chunking_simple.TestChunkersValidation" name="test_recursive_chunker_validation" file="tests/unit/document_processing/test_chunking_simple.py" line="39" time="0.000" /><testcase classname="tests.unit.document_processing.test_processors.TestTextSplitter" name="test_initialization" file="tests/unit/document_processing/test_processors.py" line="18" time="0.000" /><testcase classname="tests.unit.document_processing.test_processors.TestTextSplitter" name="test_split_documents" file="tests/unit/document_processing/test_processors.py" line="37" time="0.000" /><testcase classname="tests.unit.document_processing.test_processors.TestTextSplitter" name="test_split_text" file="tests/unit/document_processing/test_processors.py" line="25" time="0.000" /><testcase classname="tests.unit.document_processing.test_processors.TestDocumentProcessor" name="test_initialization" file="tests/unit/document_processing/test_processors.py" line="62" time="0.000" /><testcase classname="tests.unit.document_processing.test_processors.TestDocumentProcessor" name="test_process_empty_documents" file="tests/unit/document_processing/test_processors.py" line="66" time="0.000" /><testcase classname="tests.unit.document_processing.test_processors.TestDocumentProcessor" name="test_process_mixed_documents" file="tests/unit/document_processing/test_processors.py" line="103" time="0.000" /><testcase classname="tests.unit.document_processing.test_processors.TestDocumentProcessor" name="test_process_valid_documents" file="tests/unit/document_processing/test_processors.py" line="85" time="0.000" /><testcase classname="tests.unit.models.test_factory.TestModelBackend" name="test_model_backend_values" file="tests/unit/models/test_factory.py" line="11" time="0.000" /><testcase classname="tests.unit.models.test_factory.TestModelFactory" name="test_create_llama_cpp_model_file_not_found" file="tests/unit/models/test_factory.py" line="123" time="0.001" /><testcase classname="tests.unit.models.test_factory.TestModelFactory" name="test_create_model_huggingface" file="tests/unit/models/test_factory.py" line="75" time="0.001" /><testcase classname="tests.unit.models.test_factory.TestModelFactory" name="test_create_model_invalid_backend" file="tests/unit/models/test_factory.py" line="114" time="0.001" /><testcase classname="tests.unit.models.test_factory.TestModelFactory" name="test_create_model_llama_cpp" file="tests/unit/models/test_factory.py" line="51" time="0.001" /><testcase classname="tests.unit.models.test_factory.TestModelFactory" name="test_create_model_with_string_backend" file="tests/unit/models/test_factory.py" line="101" time="0.001" /><testcase classname="tests.unit.models.test_huggingface.TestHuggingFaceLLM" name="test_call_method" file="tests/unit/models/test_huggingface.py" line="144" time="0.005" /><testcase classname="tests.unit.models.test_huggingface.TestHuggingFaceLLM" name="test_format_prompt" file="tests/unit/models/test_huggingface.py" line="168" time="0.002" /><testcase classname="tests.unit.models.test_huggingface.TestHuggingFaceLLM" name="test_initialization" file="tests/unit/models/test_huggingface.py" line="72" time="0.001" /><testcase classname="tests.unit.models.test_huggingface.TestHuggingFaceLLM" name="test_llama_model_initialization" file="tests/unit/models/test_huggingface.py" line="79" time="0.002" /><testcase classname="tests.unit.models.test_huggingface.TestHuggingFaceLLM" name="test_stop_sequences" file="tests/unit/models/test_huggingface.py" line="189" time="0.001" /><testcase classname="tests.unit.vectorstore.test_embeddings" name="test_embedding_function_wrapper" file="tests/unit/vectorstore/test_embeddings.py" line="7" time="1.892" /><testcase classname="tests.unit.vectorstore.test_embeddings" name="test_embedding_function_custom_model" file="tests/unit/vectorstore/test_embeddings.py" line="26" time="2.259" /><testcase classname="tests.unit.vectorstore.test_vectorstore" name="test_vector_store_interface" file="tests/unit/vectorstore/test_vectorstore.py" line="38" time="0.000" /><testcase classname="tests.vectorstore.test_vectorstore" name="test_vectorstore_placeholder" file="tests/vectorstore/test_vectorstore.py" line="5" time="0.001" /></testsuite></testsuites>
