<?xml version="1.0" encoding="utf-8"?><testsuites><testsuite name="pytest" errors="0" failures="0" skipped="0" tests="119" time="38.292" timestamp="2025-03-07T01:10:33.739535+01:00" hostname="MacBook-Pro-von-Martin.local"><testcase classname="tests.api.test_api" name="test_api_placeholder" file="tests/api/test_api.py" line="5" time="0.001" /><testcase classname="tests.core.test_core" name="test_main_output" file="tests/core/test_core.py" line="73" time="0.018" /><testcase classname="tests.evaluation.test_rag_evaluation.TestRAGEvaluation" name="test_answer_factuality" file="tests/evaluation/test_rag_evaluation.py" line="101" time="0.002" /><testcase classname="tests.evaluation.test_rag_evaluation.TestRAGEvaluation" name="test_answer_relevance" file="tests/evaluation/test_rag_evaluation.py" line="84" time="0.001" /><testcase classname="tests.evaluation.test_rag_evaluation.TestRAGEvaluation" name="test_end_to_end_evaluation" file="tests/evaluation/test_rag_evaluation.py" line="118" time="0.001" /><testcase classname="tests.evaluation.test_rag_evaluation.TestRAGEvaluation" name="test_retrieval_precision" file="tests/evaluation/test_rag_evaluation.py" line="42" time="0.001" /><testcase classname="tests.evaluation.test_rag_evaluation.TestRAGEvaluation" name="test_retrieval_recall" file="tests/evaluation/test_rag_evaluation.py" line="63" time="0.001" /><testcase classname="tests.integration.test_rag_query" name="test_single_query" file="tests/integration/test_rag_query.py" line="56" time="2.381" /><testcase classname="tests.integration.test_retrieval" name="test_retrieval" file="tests/integration/test_retrieval.py" line="169" time="1.707" /><testcase classname="tests.integration.test_vectorstore.TestChromaVectorStore" name="test_add_documents" file="tests/integration/test_vectorstore.py" line="47" time="1.639" /><testcase classname="tests.integration.test_vectorstore.TestChromaVectorStore" name="test_persist_and_load" file="tests/integration/test_vectorstore.py" line="69" time="1.709" /><testcase classname="tests.integration.test_vectorstore.TestChromaVectorStore" name="test_similarity_search" file="tests/integration/test_vectorstore.py" line="56" time="1.872" /><testcase classname="tests.integration.vectorstore.test_chroma" name="test_add_and_search_documents" file="tests/integration/vectorstore/test_chroma.py" line="67" time="1.718" /><testcase classname="tests.integration.vectorstore.test_chroma" name="test_delete_collection" file="tests/integration/vectorstore/test_chroma.py" line="99" time="3.810" /><testcase classname="tests.integration.vectorstore.test_chroma" name="test_empty_search" file="tests/integration/vectorstore/test_chroma.py" line="114" time="1.897" /><testcase classname="tests.integration.vectorstore.test_chroma" name="test_search_with_filters" file="tests/integration/vectorstore/test_chroma.py" line="120" time="1.689" /><testcase classname="tests.integration.vectorstore.test_chroma" name="test_custom_embedding_function" file="tests/integration/vectorstore/test_chroma.py" line="150" time="2.000" /><testcase classname="tests.integration.vectorstore.test_chroma" name="test_search_with_document_filter" file="tests/integration/vectorstore/test_chroma.py" line="166" time="1.827" /><testcase classname="tests.integration.vectorstore.test_chroma" name="test_add_documents_with_custom_ids" file="tests/integration/vectorstore/test_chroma.py" line="187" time="1.665" /><testcase classname="tests.integration.vectorstore.test_chroma" name="test_collection_persistence" file="tests/integration/vectorstore/test_chroma.py" line="200" time="3.569" /><testcase classname="tests.test_chunking" name="test_character_chunker_basic" file="tests/test_chunking.py" line="10" time="0.000" /><testcase classname="tests.test_chunking" name="test_recursive_chunker_basic" file="tests/test_chunking.py" line="30" time="0.000" /><testcase classname="tests.test_chunking" name="test_split_documents" file="tests/test_chunking.py" line="55" time="0.000" /><testcase classname="tests.test_chunking" name="test_chunker_validation" file="tests/test_chunking.py" line="81" time="0.000" /><testcase classname="tests.test_embeddings" name="test_embed_query" file="tests/test_embeddings.py" line="13" time="1.744" /><testcase classname="tests.test_embeddings" name="test_embed_documents" file="tests/test_embeddings.py" line="27" time="1.777" /><testcase classname="tests.test_embeddings" name="test_get_embedding_dimension" file="tests/test_embeddings.py" line="48" time="2.068" /><testcase classname="tests.test_rag_evaluation" name="test_rag_response_quality[0]" file="tests/test_rag_evaluation.py" line="162" time="0.002" /><testcase classname="tests.test_rag_evaluation" name="test_rag_response_quality[1]" file="tests/test_rag_evaluation.py" line="162" time="0.001" /><testcase classname="tests.test_rag_evaluation" name="test_rag_response_quality[2]" file="tests/test_rag_evaluation.py" line="162" time="0.002" /><testcase classname="tests.test_rag_evaluation" name="test_rag_response_uncertainty_handling" file="tests/test_rag_evaluation.py" line="218" time="0.001" /><testcase classname="tests.test_rag_evaluation" name="test_rag_response_consistency" file="tests/test_rag_evaluation.py" line="269" time="0.002" /><testcase classname="tests.unit.api.test_endpoints" name="test_query_endpoint" file="tests/unit/api/test_endpoints.py" line="9" time="0.016" /><testcase classname="tests.unit.core.test_constants.TestConstants" name="test_model_configs" file="tests/unit/core/test_constants.py" line="30" time="0.001" /><testcase classname="tests.unit.core.test_constants.TestConstants" name="test_model_parameters" file="tests/unit/core/test_constants.py" line="23" time="0.000" /><testcase classname="tests.unit.core.test_constants.TestConstants" name="test_rag_parameters" file="tests/unit/core/test_constants.py" line="61" time="0.000" /><testcase classname="tests.unit.core.test_constants.TestConstants" name="test_system_parameters" file="tests/unit/core/test_constants.py" line="67" time="0.000" /><testcase classname="tests.unit.core.test_constants.TestConstants" name="test_vector_store_parameters" file="tests/unit/core/test_constants.py" line="55" time="0.000" /><testcase classname="tests.unit.core.test_document_loaders.TestDocumentLoader" name="test_abstract_class" file="tests/unit/core/test_document_loaders.py" line="21" time="0.000" /><testcase classname="tests.unit.core.test_document_loaders.TestTextFileLoader" name="test_init_with_nonexistent_file" file="tests/unit/core/test_document_loaders.py" line="49" time="0.001" /><testcase classname="tests.unit.core.test_document_loaders.TestTextFileLoader" name="test_init_with_path_object" file="tests/unit/core/test_document_loaders.py" line="59" time="0.001" /><testcase classname="tests.unit.core.test_document_loaders.TestTextFileLoader" name="test_init_with_string_path" file="tests/unit/core/test_document_loaders.py" line="54" time="0.001" /><testcase classname="tests.unit.core.test_document_loaders.TestTextFileLoader" name="test_load" file="tests/unit/core/test_document_loaders.py" line="64" time="0.001" /><testcase classname="tests.unit.core.test_document_loaders.TestCSVLoader" name="test_init_with_nonexistent_file" file="tests/unit/core/test_document_loaders.py" line="108" time="0.006" /><testcase classname="tests.unit.core.test_document_loaders.TestCSVLoader" name="test_load_all_columns_as_content" file="tests/unit/core/test_document_loaders.py" line="113" time="0.001" /><testcase classname="tests.unit.core.test_document_loaders.TestCSVLoader" name="test_load_with_metadata_columns" file="tests/unit/core/test_document_loaders.py" line="147" time="0.001" /><testcase classname="tests.unit.core.test_document_loaders.TestCSVLoader" name="test_load_with_missing_values" file="tests/unit/core/test_document_loaders.py" line="166" time="0.002" /><testcase classname="tests.unit.core.test_document_loaders.TestCSVLoader" name="test_load_with_specific_content_columns" file="tests/unit/core/test_document_loaders.py" line="135" time="0.001" /><testcase classname="tests.unit.core.test_document_loaders.TestDirectoryLoader" name="test_error_handling" file="tests/unit/core/test_document_loaders.py" line="284" time="0.003" /><testcase classname="tests.unit.core.test_document_loaders.TestDirectoryLoader" name="test_init_with_file_path" file="tests/unit/core/test_document_loaders.py" line="236" time="0.002" /><testcase classname="tests.unit.core.test_document_loaders.TestDirectoryLoader" name="test_init_with_nonexistent_directory" file="tests/unit/core/test_document_loaders.py" line="231" time="0.002" /><testcase classname="tests.unit.core.test_document_loaders.TestDirectoryLoader" name="test_load_non_recursive" file="tests/unit/core/test_document_loaders.py" line="241" time="0.002" /><testcase classname="tests.unit.core.test_document_loaders.TestDirectoryLoader" name="test_load_recursive" file="tests/unit/core/test_document_loaders.py" line="256" time="0.002" /><testcase classname="tests.unit.core.test_document_loaders.TestDirectoryLoader" name="test_load_with_glob_pattern" file="tests/unit/core/test_document_loaders.py" line="271" time="0.002" /><testcase classname="tests.unit.core.test_main" name="test_main_output" file="tests/unit/core/test_main.py" line="13" time="1.213" /><testcase classname="tests.unit.core.test_rag_pipeline.TestRAGPipeline" name="test_format_context" file="tests/unit/core/test_rag_pipeline.py" line="80" time="0.001" /><testcase classname="tests.unit.core.test_rag_pipeline.TestRAGPipeline" name="test_format_context_empty_content" file="tests/unit/core/test_rag_pipeline.py" line="93" time="0.001" /><testcase classname="tests.unit.core.test_rag_pipeline.TestRAGPipeline" name="test_generate" file="tests/unit/core/test_rag_pipeline.py" line="108" time="0.001" /><testcase classname="tests.unit.core.test_rag_pipeline.TestRAGPipeline" name="test_init_default_prompt" file="tests/unit/core/test_rag_pipeline.py" line="37" time="0.001" /><testcase classname="tests.unit.core.test_rag_pipeline.TestRAGPipeline" name="test_init_prompt_template" file="tests/unit/core/test_rag_pipeline.py" line="54" time="0.001" /><testcase classname="tests.unit.core.test_rag_pipeline.TestRAGPipeline" name="test_init_string_prompt" file="tests/unit/core/test_rag_pipeline.py" line="42" time="0.001" /><testcase classname="tests.unit.core.test_rag_pipeline.TestRAGPipeline" name="test_query" file="tests/unit/core/test_rag_pipeline.py" line="125" time="0.001" /><testcase classname="tests.unit.core.test_rag_pipeline.TestRAGPipeline" name="test_retrieve" file="tests/unit/core/test_rag_pipeline.py" line="68" time="0.001" /><testcase classname="tests.unit.core.test_rag_pipeline.TestConversationalRAGPipeline" name="test_add_to_history" file="tests/unit/core/test_rag_pipeline.py" line="187" time="0.001" /><testcase classname="tests.unit.core.test_rag_pipeline.TestConversationalRAGPipeline" name="test_format_history_empty" file="tests/unit/core/test_rag_pipeline.py" line="182" time="0.001" /><testcase classname="tests.unit.core.test_rag_pipeline.TestConversationalRAGPipeline" name="test_format_history_with_content" file="tests/unit/core/test_rag_pipeline.py" line="198" time="0.001" /><testcase classname="tests.unit.core.test_rag_pipeline.TestConversationalRAGPipeline" name="test_generate_with_history" file="tests/unit/core/test_rag_pipeline.py" line="237" time="0.001" /><testcase classname="tests.unit.core.test_rag_pipeline.TestConversationalRAGPipeline" name="test_history_truncation" file="tests/unit/core/test_rag_pipeline.py" line="212" time="0.001" /><testcase classname="tests.unit.core.test_rag_pipeline.TestConversationalRAGPipeline" name="test_init_default_prompt" file="tests/unit/core/test_rag_pipeline.py" line="171" time="0.001" /><testcase classname="tests.unit.core.test_rag_pipeline.TestConversationalRAGPipeline" name="test_query" file="tests/unit/core/test_rag_pipeline.py" line="261" time="0.001" /><testcase classname="tests.unit.core.test_rag_pipeline.TestConversationalRAGPipeline" name="test_reset_history" file="tests/unit/core/test_rag_pipeline.py" line="225" time="0.001" /><testcase classname="tests.unit.document_processing.test_chunking.TestCharacterTextChunker" name="test_initialization" file="tests/unit/document_processing/test_chunking.py" line="14" time="0.000" /><testcase classname="tests.unit.document_processing.test_chunking.TestCharacterTextChunker" name="test_initialization_validation" file="tests/unit/document_processing/test_chunking.py" line="21" time="0.000" /><testcase classname="tests.unit.document_processing.test_chunking.TestCharacterTextChunker" name="test_split_documents" file="tests/unit/document_processing/test_chunking.py" line="71" time="0.000" /><testcase classname="tests.unit.document_processing.test_chunking.TestCharacterTextChunker" name="test_split_text_normal" file="tests/unit/document_processing/test_chunking.py" line="55" time="0.000" /><testcase classname="tests.unit.document_processing.test_chunking.TestCharacterTextChunker" name="test_split_text_short" file="tests/unit/document_processing/test_chunking.py" line="35" time="0.001" /><testcase classname="tests.unit.document_processing.test_chunking.TestRecursiveTextChunker" name="test_initialization" file="tests/unit/document_processing/test_chunking.py" line="116" time="0.000" /><testcase classname="tests.unit.document_processing.test_chunking.TestRecursiveTextChunker" name="test_initialization_validation" file="tests/unit/document_processing/test_chunking.py" line="123" time="0.000" /><testcase classname="tests.unit.document_processing.test_chunking.TestRecursiveTextChunker" name="test_split_documents" file="tests/unit/document_processing/test_chunking.py" line="179" time="0.000" /><testcase classname="tests.unit.document_processing.test_chunking.TestRecursiveTextChunker" name="test_split_text_normal" file="tests/unit/document_processing/test_chunking.py" line="163" time="0.001" /><testcase classname="tests.unit.document_processing.test_chunking.TestRecursiveTextChunker" name="test_split_text_specific_test_case" file="tests/unit/document_processing/test_chunking.py" line="137" time="0.001" /><testcase classname="tests.unit.document_processing.test_chunking_mock.TestCharacterTextChunkerMock" name="test_initialization" file="tests/unit/document_processing/test_chunking_mock.py" line="28" time="0.001" /><testcase classname="tests.unit.document_processing.test_chunking_mock.TestCharacterTextChunkerMock" name="test_initialization_validation" file="tests/unit/document_processing/test_chunking_mock.py" line="14" time="0.000" /><testcase classname="tests.unit.document_processing.test_chunking_mock.TestCharacterTextChunkerMock" name="test_split_documents" file="tests/unit/document_processing/test_chunking_mock.py" line="81" time="0.000" /><testcase classname="tests.unit.document_processing.test_chunking_mock.TestCharacterTextChunkerMock" name="test_split_text" file="tests/unit/document_processing/test_chunking_mock.py" line="38" time="0.001" /><testcase classname="tests.unit.document_processing.test_chunking_mock.TestRecursiveTextChunkerMock" name="test_initialization" file="tests/unit/document_processing/test_chunking_mock.py" line="140" time="0.000" /><testcase classname="tests.unit.document_processing.test_chunking_mock.TestRecursiveTextChunkerMock" name="test_initialization_validation" file="tests/unit/document_processing/test_chunking_mock.py" line="126" time="0.000" /><testcase classname="tests.unit.document_processing.test_chunking_mock.TestRecursiveTextChunkerMock" name="test_split_documents" file="tests/unit/document_processing/test_chunking_mock.py" line="194" time="0.000" /><testcase classname="tests.unit.document_processing.test_chunking_mock.TestRecursiveTextChunkerMock" name="test_split_text_normal" file="tests/unit/document_processing/test_chunking_mock.py" line="150" time="0.001" /><testcase classname="tests.unit.document_processing.test_chunking_mock.TestRecursiveTextChunkerMock" name="test_split_text_specific_test_case" file="tests/unit/document_processing/test_chunking_mock.py" line="178" time="0.000" /><testcase classname="tests.unit.document_processing.test_chunking_simple.TestChunkersValidation" name="test_character_chunker_validation" file="tests/unit/document_processing/test_chunking_simple.py" line="13" time="0.000" /><testcase classname="tests.unit.document_processing.test_chunking_simple.TestChunkersValidation" name="test_recursive_chunker_validation" file="tests/unit/document_processing/test_chunking_simple.py" line="39" time="0.000" /><testcase classname="tests.unit.document_processing.test_processors.TestTextSplitter" name="test_initialization" file="tests/unit/document_processing/test_processors.py" line="18" time="0.000" /><testcase classname="tests.unit.document_processing.test_processors.TestTextSplitter" name="test_split_documents" file="tests/unit/document_processing/test_processors.py" line="37" time="0.008" /><testcase classname="tests.unit.document_processing.test_processors.TestTextSplitter" name="test_split_text" file="tests/unit/document_processing/test_processors.py" line="25" time="0.000" /><testcase classname="tests.unit.document_processing.test_processors.TestDocumentProcessor" name="test_initialization" file="tests/unit/document_processing/test_processors.py" line="62" time="0.001" /><testcase classname="tests.unit.document_processing.test_processors.TestDocumentProcessor" name="test_process_empty_documents" file="tests/unit/document_processing/test_processors.py" line="66" time="0.001" /><testcase classname="tests.unit.document_processing.test_processors.TestDocumentProcessor" name="test_process_mixed_documents" file="tests/unit/document_processing/test_processors.py" line="103" time="0.001" /><testcase classname="tests.unit.document_processing.test_processors.TestDocumentProcessor" name="test_process_valid_documents" file="tests/unit/document_processing/test_processors.py" line="85" time="0.000" /><testcase classname="tests.unit.models.test_factory.TestModelBackend" name="test_model_backend_values" file="tests/unit/models/test_factory.py" line="12" time="0.000" /><testcase classname="tests.unit.models.test_factory.TestModelFactory" name="test_create_llama_cpp_model_file_not_found" file="tests/unit/models/test_factory.py" line="113" time="0.001" /><testcase classname="tests.unit.models.test_factory.TestModelFactory" name="test_create_model_huggingface" file="tests/unit/models/test_factory.py" line="67" time="0.001" /><testcase classname="tests.unit.models.test_factory.TestModelFactory" name="test_create_model_invalid_backend" file="tests/unit/models/test_factory.py" line="107" time="0.001" /><testcase classname="tests.unit.models.test_factory.TestModelFactory" name="test_create_model_llama_cpp" file="tests/unit/models/test_factory.py" line="48" time="0.001" /><testcase classname="tests.unit.models.test_factory.TestModelFactory" name="test_create_model_with_string_backend" file="tests/unit/models/test_factory.py" line="98" time="0.001" /><testcase classname="tests.unit.models.test_huggingface.TestHuggingFaceLLM" name="test_call_method" file="tests/unit/models/test_huggingface.py" line="104" time="0.026" /><testcase classname="tests.unit.models.test_huggingface.TestHuggingFaceLLM" name="test_format_prompt" file="tests/unit/models/test_huggingface.py" line="126" time="0.001" /><testcase classname="tests.unit.models.test_huggingface.TestHuggingFaceLLM" name="test_initialization" file="tests/unit/models/test_huggingface.py" line="52" time="0.001" /><testcase classname="tests.unit.models.test_huggingface.TestHuggingFaceLLM" name="test_llama_model_initialization" file="tests/unit/models/test_huggingface.py" line="59" time="0.002" /><testcase classname="tests.unit.models.test_huggingface.TestHuggingFaceLLM" name="test_stop_sequences" file="tests/unit/models/test_huggingface.py" line="144" time="0.001" /><testcase classname="tests.unit.test_chunking.TestRecursiveTextChunker" name="test_split_text" file="tests/unit/test_chunking.py" line="50" time="0.001" /><testcase classname="tests.unit.test_chunking.TestRecursiveTextChunker" name="test_chunk_overlap" file="tests/unit/test_chunking.py" line="59" time="0.000" /><testcase classname="tests.unit.test_chunking.TestCharacterTextChunker" name="test_split_text" file="tests/unit/test_chunking.py" line="78" time="0.000" /><testcase classname="tests.unit.test_chunking.TestCharacterTextChunker" name="test_empty_text" file="tests/unit/test_chunking.py" line="87" time="0.000" /><testcase classname="tests.unit.test_chunking.TestSentenceSplitting" name="test_split_by_sentence" file="tests/unit/test_chunking.py" line="100" time="0.000" /><testcase classname="tests.unit.vectorstore.test_embeddings" name="test_embedding_function_wrapper" file="tests/unit/vectorstore/test_embeddings.py" line="7" time="1.606" /><testcase classname="tests.unit.vectorstore.test_embeddings" name="test_embedding_function_custom_model" file="tests/unit/vectorstore/test_embeddings.py" line="26" time="1.648" /><testcase classname="tests.unit.vectorstore.test_vectorstore" name="test_vector_store_interface" file="tests/unit/vectorstore/test_vectorstore.py" line="38" time="0.000" /><testcase classname="tests.vectorstore.test_vectorstore" name="test_vectorstore_placeholder" file="tests/vectorstore/test_vectorstore.py" line="5" time="0.001" /></testsuite></testsuites>
